<?xml version="1.0" encoding="UTF-8"?>
<testsuite xmlns:xsi="http://www.w3.org/2001/XMLSchema-instance" xsi:noNamespaceSchemaLocation="https://maven.apache.org/surefire/maven-surefire-plugin/xsd/surefire-test-report-3.0.xsd" version="3.0" name="com.compiladores.AppTest" time="0.064" tests="1" errors="0" skipped="0" failures="0">
  <properties>
    <property name="java.specification.version" value="19"/>
    <property name="sun.cpu.isalist" value="amd64"/>
    <property name="sun.jnu.encoding" value="Cp1252"/>
    <property name="java.class.path" value="E:\Casa\Fabricio\TEC\Compi\Proyecto 2\Proyecto-2-Compiladores\scanner-parser\target\test-classes;E:\Casa\Fabricio\TEC\Compi\Proyecto 2\Proyecto-2-Compiladores\scanner-parser\target\classes;C:\Users\FamiliaRM\.m2\repository\com\github\vbmacher\java-cup-runtime\11b-20160615-1\java-cup-runtime-11b-20160615-1.jar;C:\Users\FamiliaRM\.m2\repository\org\junit\jupiter\junit-jupiter\5.9.2\junit-jupiter-5.9.2.jar;C:\Users\FamiliaRM\.m2\repository\org\junit\jupiter\junit-jupiter-api\5.9.2\junit-jupiter-api-5.9.2.jar;C:\Users\FamiliaRM\.m2\repository\org\opentest4j\opentest4j\1.2.0\opentest4j-1.2.0.jar;C:\Users\FamiliaRM\.m2\repository\org\junit\platform\junit-platform-commons\1.9.2\junit-platform-commons-1.9.2.jar;C:\Users\FamiliaRM\.m2\repository\org\apiguardian\apiguardian-api\1.1.2\apiguardian-api-1.1.2.jar;C:\Users\FamiliaRM\.m2\repository\org\junit\jupiter\junit-jupiter-params\5.9.2\junit-jupiter-params-5.9.2.jar;C:\Users\FamiliaRM\.m2\repository\org\junit\jupiter\junit-jupiter-engine\5.9.2\junit-jupiter-engine-5.9.2.jar;C:\Users\FamiliaRM\.m2\repository\org\junit\platform\junit-platform-engine\1.9.2\junit-platform-engine-1.9.2.jar;"/>
    <property name="java.vm.vendor" value="Oracle Corporation"/>
    <property name="sun.arch.data.model" value="64"/>
    <property name="user.variant" value=""/>
    <property name="java.vendor.url" value="https://java.oracle.com/"/>
    <property name="user.timezone" value="America/Guatemala"/>
    <property name="os.name" value="Windows 10"/>
    <property name="java.vm.specification.version" value="19"/>
    <property name="sun.java.launcher" value="SUN_STANDARD"/>
    <property name="user.country" value="ES"/>
    <property name="sun.boot.library.path" value="C:\Users\FamiliaRM\.jdks\openjdk-19.0.2\bin"/>
    <property name="sun.java.command" value="C:\Users\FamiliaRM\AppData\Local\Temp\surefire2499170290047457574\surefirebooter-20231101232053893_3.jar C:\Users\FamiliaRM\AppData\Local\Temp\surefire2499170290047457574 2023-11-01T23-20-53_283-jvmRun1 surefire-20231101232053893_1tmp surefire_0-20231101232053893_2tmp"/>
    <property name="jdk.debug" value="release"/>
    <property name="surefire.test.class.path" value="E:\Casa\Fabricio\TEC\Compi\Proyecto 2\Proyecto-2-Compiladores\scanner-parser\target\test-classes;E:\Casa\Fabricio\TEC\Compi\Proyecto 2\Proyecto-2-Compiladores\scanner-parser\target\classes;C:\Users\FamiliaRM\.m2\repository\com\github\vbmacher\java-cup-runtime\11b-20160615-1\java-cup-runtime-11b-20160615-1.jar;C:\Users\FamiliaRM\.m2\repository\org\junit\jupiter\junit-jupiter\5.9.2\junit-jupiter-5.9.2.jar;C:\Users\FamiliaRM\.m2\repository\org\junit\jupiter\junit-jupiter-api\5.9.2\junit-jupiter-api-5.9.2.jar;C:\Users\FamiliaRM\.m2\repository\org\opentest4j\opentest4j\1.2.0\opentest4j-1.2.0.jar;C:\Users\FamiliaRM\.m2\repository\org\junit\platform\junit-platform-commons\1.9.2\junit-platform-commons-1.9.2.jar;C:\Users\FamiliaRM\.m2\repository\org\apiguardian\apiguardian-api\1.1.2\apiguardian-api-1.1.2.jar;C:\Users\FamiliaRM\.m2\repository\org\junit\jupiter\junit-jupiter-params\5.9.2\junit-jupiter-params-5.9.2.jar;C:\Users\FamiliaRM\.m2\repository\org\junit\jupiter\junit-jupiter-engine\5.9.2\junit-jupiter-engine-5.9.2.jar;C:\Users\FamiliaRM\.m2\repository\org\junit\platform\junit-platform-engine\1.9.2\junit-platform-engine-1.9.2.jar;"/>
    <property name="sun.cpu.endian" value="little"/>
    <property name="user.home" value="C:\Users\FamiliaRM"/>
    <property name="user.language" value="es"/>
    <property name="java.specification.vendor" value="Oracle Corporation"/>
    <property name="java.version.date" value="2023-01-17"/>
    <property name="java.home" value="C:\Users\FamiliaRM\.jdks\openjdk-19.0.2"/>
    <property name="file.separator" value="\"/>
    <property name="basedir" value="E:\Casa\Fabricio\TEC\Compi\Proyecto 2\Proyecto-2-Compiladores\scanner-parser"/>
    <property name="java.vm.compressedOopsMode" value="Zero based"/>
    <property name="line.separator" value="&#10;"/>
    <property name="java.vm.specification.vendor" value="Oracle Corporation"/>
    <property name="java.specification.name" value="Java Platform API Specification"/>
    <property name="surefire.real.class.path" value="C:\Users\FamiliaRM\AppData\Local\Temp\surefire2499170290047457574\surefirebooter-20231101232053893_3.jar"/>
    <property name="user.script" value=""/>
    <property name="sun.management.compiler" value="HotSpot 64-Bit Tiered Compilers"/>
    <property name="java.runtime.version" value="19.0.2+7-44"/>
    <property name="user.name" value="FamiliaRM"/>
    <property name="stdout.encoding" value="Cp1252"/>
    <property name="path.separator" value=";"/>
    <property name="os.version" value="10.0"/>
    <property name="java.runtime.name" value="OpenJDK Runtime Environment"/>
    <property name="file.encoding" value="UTF-8"/>
    <property name="java.vm.name" value="OpenJDK 64-Bit Server VM"/>
    <property name="localRepository" value="C:\Users\FamiliaRM\.m2\repository"/>
    <property name="java.vendor.url.bug" value="https://bugreport.java.com/bugreport/"/>
    <property name="java.io.tmpdir" value="C:\Users\FAMILI~1\AppData\Local\Temp\"/>
    <property name="idea.version" value="2023.2.4"/>
    <property name="java.version" value="19.0.2"/>
    <property name="user.dir" value="E:\Casa\Fabricio\TEC\Compi\Proyecto 2\Proyecto-2-Compiladores\scanner-parser"/>
    <property name="os.arch" value="amd64"/>
    <property name="java.vm.specification.name" value="Java Virtual Machine Specification"/>
    <property name="sun.os.patch.level" value=""/>
    <property name="native.encoding" value="Cp1252"/>
    <property name="java.library.path" value="C:\Users\FamiliaRM\.jdks\openjdk-19.0.2\bin;C:\Windows\Sun\Java\bin;C:\Windows\system32;C:\Windows;C:\Program Files\Common Files\Oracle\Java\javapath;C:\Program Files (x86)\Common Files\Oracle\Java\javapath;C:\Windows\system32;C:\Windows;C:\Windows\System32\Wbem;C:\Windows\System32\WindowsPowerShell\v1.0\;C:\Windows\System32\OpenSSH\;C:\Program Files\Docker\Docker\resources\bin;D:\Git\cmd;C:\Program Files (x86)\dotnet\;C:\Program Files\dotnet\;C:\Program Files (x86)\GtkSharp\2.12\bin;C:\Program Files\nodejs\;C:\ProgramData\chocolatey\bin;C:\Program Files\nodejs;C:\Program Files\swipl\bin;C:\Program Files\Java\jdk-18.0.2.1\bin;C:\Python311;;C:\Program Files (x86)\NVIDIA Corporation\PhysX\Common;C:\Program Files\NVIDIA Corporation\NVIDIA NvDLISR;C:\Python311\Scripts\;C:\Python311\;C:\Users\FamiliaRM\.cargo\bin;C:\Program Files\MySQL\MySQL Shell 8.0\bin\;C:\Users\FamiliaRM\AppData\Local\Programs\Python\Python311\Scripts\;C:\Users\FamiliaRM\AppData\Local\Programs\Python\Python311\;C:\Users\FamiliaRM\AppData\Local\Microsoft\WindowsApps;D:\Microsoft VS Code\bin;C:\Users\FamiliaRM\AppData\Local\gitkraken\bin;C:\Program Files\Racket;C:\Program Files\JetBrains\IntelliJ IDEA 2022.3.2\bin;;C:\Users\FamiliaRM\.dotnet\tools;C:\Program Files\JetBrains\WebStorm 2023.1\bin;;E:\03 Fabri\DataGrip 2023.1\bin;;C:\Users\FamiliaRM\AppData\Roaming\npm;C:\Program Files\JetBrains\CLion 2023.1.3\bin;;E:\03 Fabri\Fuentes\jflex-1.9.1\bin;C:\Users\FamiliaRM\AppData\Local\Google\Cloud SDK\google-cloud-sdk\bin;."/>
    <property name="java.vm.info" value="mixed mode, sharing"/>
    <property name="stderr.encoding" value="Cp1252"/>
    <property name="java.vendor" value="Oracle Corporation"/>
    <property name="java.vm.version" value="19.0.2+7-44"/>
    <property name="sun.io.unicode.encoding" value="UnicodeLittle"/>
    <property name="java.class.version" value="63.0"/>
  </properties>
  <testcase name="shouldAnswerWithTrue" classname="com.compiladores.AppTest" time="0.039"/>
</testsuite>